2025-04-16 18:01:04,283 - INFO - Printer zxcv has been set up
2025-04-16 18:01:04,284 - INFO - Detected physical printer: LBP6030-6040-6018L-2
2025-04-16 18:01:04,285 - INFO - Watching for PDFs in: /home/mobicloud/PDF_Prints
2025-04-16 18:01:04,286 - INFO - Moving PDFs to: /home/mobicloud/PDF_Prints
2025-04-16 18:01:04,286 - INFO - Forwarding to printer: LBP6030-6040-6018L-2
2025-04-16 18:01:04,286 - INFO - Virtual printer system is running. Press Ctrl+C to exit.
2025-04-16 18:01:21,432 - INFO - Shutting down virtual printer system
2025-04-16 18:04:08,540 - INFO - Printer zxcv has been set up
2025-04-16 18:04:08,541 - INFO - Detected physical printer: LBP6030-6040-6018L-2
2025-04-16 18:04:08,542 - INFO - Watching for PDFs in: /home/mobicloud/PDF_Prints
2025-04-16 18:04:08,542 - INFO - Moving PDFs to: /home/mobicloud/PDF_Prints
2025-04-16 18:04:08,542 - INFO - Forwarding to printer: LBP6030-6040-6018L-2
2025-04-16 18:04:08,542 - INFO - Virtual printer system is running. Press Ctrl+C to exit.
2025-04-16 18:04:19,043 - INFO - Shutting down virtual printer system
2025-04-16 18:07:13,819 - INFO - Printer zxcv has been set up
2025-04-16 18:07:13,820 - INFO - Detected physical printer: LBP6030-6040-6018L-2
2025-04-16 18:07:13,822 - INFO - Watching for PDFs in: /home/mobicloud/PDF_Prints
2025-04-16 18:07:13,822 - INFO - Virtual printer system is running. Press Ctrl+C to exit.
2025-04-16 18:07:48,070 - INFO - Moved PDF to: /home/mobicloud/PDF_Prints/2025/04/16/mx11228.pdf
2025-04-16 18:07:48,098 - INFO - Forwarded to printer: LBP6030-6040-6018L-2
2025-04-16 18:07:48,626 - INFO - ✅ Uploaded to S3: 2025-04-16/2025-04-16_18-07-48_mx11228.pdf
2025-04-16 18:07:52,427 - ERROR - ❌ Error processing PDF: Missing optional dependency 'openpyxl'.  Use pip or conda to install openpyxl.
2025-04-16 18:07:53,138 - INFO - ✅ Uploaded to S3: 2025-04-16/2025-04-16_18-07-48_mx11228.pdf
2025-04-16 18:07:57,250 - ERROR - ❌ Textract failed for retry /home/mobicloud/PDF_Prints/2025/04/16/mx11228.pdf: Missing optional dependency 'openpyxl'.  Use pip or conda to install openpyxl.
2025-04-16 18:07:58,585 - INFO - ✅ Uploaded to S3: 2025-04-16/2025-04-16_18-07-48_mx11228.pdf
2025-04-16 18:08:02,842 - ERROR - ❌ Textract failed for retry /home/mobicloud/PDF_Prints/2025/04/16/mx11228.pdf: Missing optional dependency 'openpyxl'.  Use pip or conda to install openpyxl.
2025-04-16 18:08:04,129 - INFO - ✅ Uploaded to S3: 2025-04-16/2025-04-16_18-07-48_mx11228.pdf
2025-04-16 18:08:07,627 - ERROR - ❌ Textract failed for retry /home/mobicloud/PDF_Prints/2025/04/16/mx11228.pdf: Missing optional dependency 'openpyxl'.  Use pip or conda to install openpyxl.
2025-04-16 18:08:08,936 - INFO - ✅ Uploaded to S3: 2025-04-16/2025-04-16_18-07-48_mx11228.pdf
2025-04-16 18:08:12,614 - ERROR - ❌ Textract failed for retry /home/mobicloud/PDF_Prints/2025/04/16/mx11228.pdf: Missing optional dependency 'openpyxl'.  Use pip or conda to install openpyxl.
2025-04-16 18:08:13,931 - INFO - ✅ Uploaded to S3: 2025-04-16/2025-04-16_18-07-48_mx11228.pdf
2025-04-16 18:08:17,479 - ERROR - ❌ Textract failed for retry /home/mobicloud/PDF_Prints/2025/04/16/mx11228.pdf: Missing optional dependency 'openpyxl'.  Use pip or conda to install openpyxl.
2025-04-16 18:08:18,778 - INFO - ✅ Uploaded to S3: 2025-04-16/2025-04-16_18-07-48_mx11228.pdf
2025-04-16 18:08:22,265 - ERROR - ❌ Textract failed for retry /home/mobicloud/PDF_Prints/2025/04/16/mx11228.pdf: Missing optional dependency 'openpyxl'.  Use pip or conda to install openpyxl.
2025-04-16 18:08:22,766 - INFO - Shutting down virtual printer system.
2025-04-16 18:13:52,987 - INFO - Printer zxcv has been set up
2025-04-16 18:13:52,988 - INFO - Detected physical printer: LBP6030-6040-6018L-2
2025-04-16 18:13:52,989 - INFO - Watching for PDFs in: /home/mobicloud/PDF_Prints
2025-04-16 18:13:52,989 - INFO - Virtual printer system is running. Press Ctrl+C to exit.
2025-04-16 18:13:54,510 - INFO - ✅ Uploaded to S3: 2025-04-16/2025-04-16_18-07-48_mx11228.pdf
2025-04-16 18:13:58,759 - INFO - ✅ Excel updated: /home/mobicloud/Downloads/mobicloud-Vostro-14-3468_2025-04-16.xlsx
2025-04-16 18:14:08,604 - INFO - Moved PDF to: /home/mobicloud/PDF_Prints/2025/04/16/mx11228.pdf
2025-04-16 18:14:08,629 - INFO - Forwarded to printer: LBP6030-6040-6018L-2
2025-04-16 18:14:09,267 - INFO - ✅ Uploaded to S3: 2025-04-16/2025-04-16_18-14-08_mx11228.pdf
2025-04-16 18:14:13,742 - INFO - ✅ Excel updated: /home/mobicloud/Downloads/mobicloud-Vostro-14-3468_2025-04-16.xlsx
2025-04-16 18:15:42,465 - INFO - Moved PDF to: /home/mobicloud/PDF_Prints/2025/04/16/MX56543.pdf
2025-04-16 18:15:42,496 - INFO - Forwarded to printer: LBP6030-6040-6018L-2
2025-04-16 18:15:42,970 - INFO - ✅ Uploaded to S3: 2025-04-16/2025-04-16_18-15-42_MX56543.pdf
2025-04-16 18:15:46,459 - INFO - ✅ Excel updated: /home/mobicloud/Downloads/mobicloud-Vostro-14-3468_2025-04-16.xlsx
2025-04-16 18:16:34,083 - INFO - Shutting down virtual printer system.
2025-04-17 16:11:05,280 - INFO - Printer zxcv has been set up
2025-04-17 16:11:05,282 - INFO - Detected physical printer: LBP6030-6040-6018L-2
2025-04-17 16:11:05,284 - INFO - Watching for PDFs in: /home/mobicloud/PDF_Prints
2025-04-17 16:11:05,285 - INFO - Virtual printer system is running. Press Ctrl+C to exit.
2025-04-17 16:41:36,210 - INFO - Shutting down virtual printer system.
2025-04-17 16:42:56,913 - INFO - Printer zxcv has been set up
2025-04-17 16:42:56,914 - INFO - Detected physical printer: LBP6030-6040-6018L-2
2025-04-17 16:42:56,915 - INFO - Watching for PDFs in: /home/mobicloud/PDF_Prints
2025-04-17 16:42:56,916 - INFO - Virtual printer system is running. Press Ctrl+C to exit.
2025-04-17 16:43:29,732 - INFO - Shutting down virtual printer system.
2025-04-17 16:43:35,231 - INFO - Printer zxcv has been set up
2025-04-17 16:43:35,232 - INFO - Detected physical printer: LBP6030-6040-6018L-2
2025-04-17 16:43:35,233 - INFO - Watching for PDFs in: /home/mobicloud/PDF_Prints
2025-04-17 16:43:35,233 - INFO - Virtual printer system is running. Press Ctrl+C to exit.
2025-04-17 16:48:54,067 - INFO - Shutting down virtual printer system.
2025-04-17 17:17:41,303 - INFO - Printer zxcv has been set up
2025-04-17 17:17:41,539 - INFO - Detected physical printer: LBP6030-6040-6018L-2
2025-04-17 17:17:41,541 - INFO - Watching for PDFs in: /home/mobicloud/PDF_Prints
2025-04-17 17:17:41,541 - INFO - Virtual printer system is running. Press Ctrl+C to exit.
2025-04-17 17:20:45,263 - INFO - Shutting down virtual printer system.
2025-04-17 17:28:09,626 - INFO - Printer zxcv has been set up
2025-04-17 17:28:09,628 - INFO - Detected physical printer: LBP6030-6040-6018L-2
2025-04-17 17:28:09,630 - INFO - Watching for PDFs in: /home/mobicloud/PDF_Prints
2025-04-17 17:28:09,630 - INFO - Virtual printer system is running. Press Ctrl+C to exit.
2025-04-17 17:33:28,757 - INFO - Shutting down virtual printer system.
2025-04-17 17:37:09,318 - INFO - Printer zxcv has been set up
2025-04-17 17:37:09,319 - INFO - Detected physical printer: LBP6030-6040-6018L-2
2025-04-17 17:37:09,321 - INFO - Watching for PDFs in: /home/mobicloud/PDF_Prints
2025-04-17 17:37:09,321 - INFO - Virtual printer system is running. Press Ctrl+C to exit.
2025-04-17 17:41:46,958 - INFO - Shutting down virtual printer system.
2025-04-17 17:47:36,171 - INFO - Printer zxcv has been set up
2025-04-17 17:47:36,173 - INFO - Detected physical printer: LBP6030-6040-6018L-2
2025-04-17 17:47:36,175 - INFO - Watching for PDFs in: /home/mobicloud/PDF_Prints
2025-04-17 17:47:36,175 - INFO - Virtual printer system is running. Press Ctrl+C to exit.
2025-04-17 17:50:22,157 - INFO - Shutting down virtual printer system.
2025-04-17 17:56:37,488 - INFO - Printer zxcv has been set up
2025-04-17 17:56:37,490 - INFO - Detected physical printer: LBP6030-6040-6018L-2
2025-04-17 17:56:37,491 - INFO - Watching for PDFs in: /home/mobicloud/PDF_Prints
2025-04-17 17:56:37,491 - INFO - Virtual printer system is running. Press Ctrl+C to exit.
2025-04-17 17:56:57,056 - INFO - Moved PDF to: /home/mobicloud/PDF_Prints/mx50078-job_432.pdf
2025-04-17 17:56:57,090 - INFO - Forwarded to printer: LBP6030-6040-6018L-2
2025-04-17 17:56:57,827 - INFO - ✅ Uploaded to S3: 2025-04-17/2025-04-17_17-56-57_mx50078-job_432.pdf
2025-04-17 17:57:02,588 - INFO - ✅ Excel updated: /home/mobicloud/Downloads/mobicloud-Vostro-14-3468_2025-04-17.xlsx
2025-04-17 17:59:12,761 - INFO - Shutting down virtual printer system.
2025-04-17 17:59:18,026 - INFO - Printer zxcv has been set up
2025-04-17 17:59:18,028 - INFO - Detected physical printer: LBP6030-6040-6018L-2
2025-04-17 17:59:18,031 - INFO - Watching for PDFs in: /home/mobicloud/PDF_Prints
2025-04-17 17:59:18,031 - INFO - Virtual printer system is running. Press Ctrl+C to exit.
2025-04-17 17:59:37,618 - INFO - Moved PDF to: /home/mobicloud/PDF_Prints/2025/04/17/mx34180-job_434.pdf
2025-04-17 17:59:37,654 - INFO - Forwarded to printer: LBP6030-6040-6018L-2
2025-04-17 17:59:38,192 - INFO - ✅ Uploaded to S3: 2025-04-17/2025-04-17_17-59-37_mx34180-job_434.pdf
2025-04-17 17:59:41,708 - INFO - ✅ Excel updated: /home/mobicloud/Downloads/mobicloud-Vostro-14-3468_2025-04-17.xlsx
2025-04-17 18:08:13,737 - INFO - Shutting down virtual printer system.
2025-04-17 18:08:19,176 - INFO - Printer zxcv has been set up
2025-04-17 18:08:19,177 - INFO - Detected physical printer: LBP6030-6040-6018L-2
2025-04-17 18:08:19,179 - INFO - Watching for PDFs in: /home/mobicloud/PDF_Prints
2025-04-17 18:08:19,179 - INFO - Virtual printer system is running. Press Ctrl+C to exit.
2025-04-17 18:13:38,642 - INFO - Moved PDF to: /home/mobicloud/PDF_Prints/2025/04/17/Instant-e-invoice-in-TallyPrime-job_436.pdf
2025-04-17 18:13:38,689 - INFO - Forwarded to printer: LBP6030-6040-6018L-2
2025-04-17 18:13:40,916 - INFO - ✅ Uploaded to S3: 2025-04-17/2025-04-17_18-13-38_Instant-e-invoice-in-TallyPrime-job_436.pdf
2025-04-17 18:13:45,197 - INFO - ✅ Excel updated: /home/mobicloud/Downloads/mobicloud-Vostro-14-3468_2025-04-17.xlsx
2025-04-17 18:13:45,632 - INFO - ✅ Excel uploaded to S3 as: excel_logs/2025-04-17
2025-04-17 18:23:19,733 - INFO - Moved PDF to: /home/mobicloud/PDF_Prints/2025/04/17/GetFileAttachment-job_438.pdf
2025-04-17 18:23:19,767 - INFO - Forwarded to printer: LBP6030-6040-6018L-2
2025-04-17 18:23:20,372 - INFO - ✅ Uploaded to S3: 2025-04-17/2025-04-17_18-23-19_GetFileAttachment-job_438.pdf
2025-04-17 18:23:23,693 - INFO - ✅ Excel updated: /home/mobicloud/Downloads/mobicloud-Vostro-14-3468_2025-04-17.xlsx
2025-04-17 18:23:24,231 - INFO - ✅ Excel uploaded to S3 as: excel_logs/2025-04-17
2025-04-17 18:38:04,845 - INFO - Shutting down virtual printer system.
2025-04-17 18:38:37,225 - INFO - Printer zxcv has been set up
2025-04-17 18:38:37,226 - INFO - Detected physical printer: LBP6030-6040-6018L-2
2025-04-17 18:38:37,228 - INFO - Watching for PDFs in: /home/mobicloud/PDF_Prints
2025-04-17 18:38:37,228 - INFO - Virtual printer system is running. Press Ctrl+C to exit.
2025-04-17 18:40:03,126 - INFO - Moved PDF to: /home/mobicloud/PDF_Prints/2025/04/17/Hostinger_Oct_2024.pdf
2025-04-17 18:40:03,149 - INFO - Forwarded to printer: LBP6030-6040-6018L-2
2025-04-17 18:40:03,574 - INFO - ✅ Uploaded to S3: 2025-04-17/2025-04-17_18-40-03_Hostinger_Oct_2024.pdf
2025-04-17 18:40:06,898 - INFO - ✅ Excel updated: /home/mobicloud/Downloads/mobicloud-Vostro-14-3468_2025-04-17.xlsx
2025-04-17 18:40:07,167 - INFO - ✅ Excel uploaded to S3 as: excel_logs/2025-04-17
2025-04-18 11:01:59,584 - INFO - Printer zxcv has been set up
2025-04-18 11:01:59,586 - INFO - Detected physical printer: LBP6030-6040-6018L-2
2025-04-18 11:01:59,590 - INFO - Watching for PDFs in: /home/mobicloud/PDF_Prints
2025-04-18 11:01:59,590 - INFO - Virtual printer system is running. Press Ctrl+C to exit.
2025-04-18 11:03:58,115 - INFO - Shutting down virtual printer system.
2025-04-18 11:04:12,246 - INFO - Printer zxcv has been set up
2025-04-18 11:04:12,247 - INFO - Detected physical printer: LBP6030-6040-6018L-2
2025-04-18 11:04:12,249 - INFO - Watching for PDFs in: /home/mobicloud/PDF_Prints
2025-04-18 11:04:12,249 - INFO - Virtual printer system is running. Press Ctrl+C to exit.
2025-04-18 11:05:15,618 - INFO - Shutting down virtual printer system.
2025-04-18 11:05:20,894 - INFO - Printer zxcv has been set up
2025-04-18 11:05:20,895 - INFO - Detected physical printer: LBP6030-6040-6018L-2
2025-04-18 11:05:20,898 - INFO - Watching for PDFs in: /home/mobicloud/PDF_Prints
2025-04-18 11:05:20,898 - INFO - Virtual printer system is running. Press Ctrl+C to exit.
2025-04-18 11:15:22,696 - INFO - Shutting down virtual printer system.
2025-04-18 11:17:13,834 - INFO - Printer zxcv has been set up
2025-04-18 11:17:13,835 - INFO - Detected physical printer: LBP6030-6040-6018L-2
2025-04-18 11:17:13,836 - INFO - Watching for PDFs in: /home/mobicloud/PDF_Prints
2025-04-18 11:17:13,836 - INFO - Virtual printer system is running. Press Ctrl+C to exit.
2025-04-18 11:21:20,921 - INFO - Shutting down virtual printer system.
2025-04-18 11:21:25,976 - INFO - Printer zxcv has been set up
2025-04-18 11:21:25,977 - INFO - Detected physical printer: LBP6030-6040-6018L-2
2025-04-18 11:21:25,978 - INFO - Watching for PDFs in: /home/mobicloud/PDF_Prints
2025-04-18 11:21:25,978 - INFO - Virtual printer system is running. Press Ctrl+C to exit.
2025-04-18 11:23:28,061 - INFO - Shutting down virtual printer system.
2025-04-18 11:24:30,361 - INFO - Printer zxcv has been set up
2025-04-18 11:24:30,361 - INFO - Detected physical printer: LBP6030-6040-6018L-2
2025-04-18 11:24:30,363 - INFO - Watching for PDFs in: /home/mobicloud/PDF_Prints
2025-04-18 11:24:30,363 - INFO - Virtual printer system is running. Press Ctrl+C to exit.
2025-04-18 11:32:58,185 - INFO - Shutting down virtual printer system.
2025-04-18 11:34:59,494 - INFO - Printer zxcv has been set up
2025-04-18 11:34:59,494 - INFO - Detected physical printer: LBP6030-6040-6018L-2
2025-04-18 11:34:59,496 - INFO - Watching for PDFs in: /home/mobicloud/PDF_Prints
2025-04-18 11:34:59,496 - INFO - Virtual printer system is running. Press Ctrl+C to exit.
2025-04-18 11:35:14,077 - INFO - Moved PDF to: /home/mobicloud/PDF_Prints/2025/04/18/MOBICLOUD_vistaprint-job_451.pdf
2025-04-18 11:35:14,323 - INFO - Forwarded to printer: LBP6030-6040-6018L-2
2025-04-18 11:35:14,831 - INFO - ✅ Uploaded to S3: 2025-04-18/2025-04-18_11-35-14_MOBICLOUD_vistaprint-job_451.pdf
2025-04-18 11:35:19,871 - INFO - ✅ Excel updated: /home/mobicloud/Downloads/mobicloud-Vostro-14-3468_2025-04-18.xlsx
2025-04-18 11:35:20,169 - INFO - ✅ Excel uploaded to S3 as: excel_logs/2025-04-18
2025-04-18 12:28:11,781 - INFO - Shutting down virtual printer system.
2025-04-18 14:14:56,518 - INFO - Printer zxcv has been set up
2025-04-18 14:14:56,519 - INFO - Detected physical printer: HP-LaserJet-1020
2025-04-18 14:14:56,520 - INFO - Watching for PDFs in: /home/mobicloud/PDF_Prints
2025-04-18 14:14:56,520 - INFO - Virtual printer system is running. Press Ctrl+C to exit.
2025-04-18 14:15:51,560 - INFO - Moved PDF to: /home/mobicloud/PDF_Prints/2025/04/18/mx50078-job_453.pdf
2025-04-18 14:15:51,612 - INFO - Forwarded to printer: HP-LaserJet-1020
2025-04-18 14:15:52,634 - INFO - ✅ Uploaded to S3: 2025-04-18/2025-04-18_14-15-51_mx50078-job_453.pdf
2025-04-18 14:15:57,963 - INFO - ✅ Excel updated: /home/mobicloud/Downloads/mobicloud-Vostro-14-3468_2025-04-18.xlsx
2025-04-18 14:15:58,230 - INFO - ✅ Excel uploaded to S3 as: excel_logs/2025-04-18
2025-04-18 15:05:14,146 - INFO - Shutting down virtual printer system.
2025-04-18 17:21:22,341 - INFO - Printer zxcv has been set up
2025-04-18 17:21:22,342 - INFO - Detected physical printer: HP-LaserJet-1020
2025-04-18 17:21:22,344 - INFO - Watching for PDFs in: /home/mobicloud/PDF_Prints
2025-04-18 17:21:22,344 - INFO - Virtual printer system is running. Press Ctrl+C to exit.
2025-04-18 17:21:38,002 - INFO - Moved PDF to: /home/mobicloud/PDF_Prints/2025/04/18/mx50078-job_455.pdf
2025-04-18 17:21:38,035 - INFO - Forwarded to printer: HP-LaserJet-1020
2025-04-18 17:21:41,906 - INFO - ✅ Uploaded to S3: 2025-04-18/2025-04-18_17-21-38_mx50078-job_455.pdf
2025-04-18 17:21:47,134 - ERROR - ❌ Error processing PDF: name 'EXCEL_PATH' is not defined
2025-04-18 17:21:49,960 - INFO - ✅ Uploaded to S3: 2025-04-18/2025-04-18_17-21-38_mx50078-job_455.pdf
2025-04-18 17:21:54,384 - INFO - ✅ Excel updated: /home/mobicloud/Excel_Files/invoices.xlsx
2025-04-18 17:21:54,887 - INFO - ✅ Excel uploaded to S3 as: excel_logs/2025-04-18
2025-04-18 17:21:54,887 - INFO - save extracted data to excel
2025-04-18 17:25:15,286 - INFO - Shutting down virtual printer system.
2025-04-18 17:25:21,380 - INFO - Printer zxcv has been set up
2025-04-18 17:25:21,381 - INFO - Detected physical printer: HP-LaserJet-1020
2025-04-18 17:25:21,382 - INFO - Watching for PDFs in: /home/mobicloud/PDF_Prints
2025-04-18 17:25:21,383 - INFO - Virtual printer system is running. Press Ctrl+C to exit.
2025-04-18 17:26:12,071 - INFO - Moved PDF to: /home/mobicloud/PDF_Prints/2025/04/18/MOBICLOUD_vistaprint-job_457.pdf
2025-04-18 17:26:12,088 - INFO - Forwarded to printer: HP-LaserJet-1020
2025-04-18 17:26:12,619 - INFO - ✅ Uploaded to S3: 2025-04-18/2025-04-18_17-26-12_MOBICLOUD_vistaprint-job_457.pdf
2025-04-18 17:26:16,381 - INFO - ✅ Excel updated: /home/mobicloud/Excel_Files/invoices.xlsx
2025-04-18 17:26:16,661 - INFO - ✅ Excel uploaded to S3 as: excel_logs/2025-04-18
2025-04-18 17:36:55,638 - INFO - Shutting down virtual printer system.
2025-04-18 17:37:05,253 - INFO - Printer zxcv has been set up
2025-04-18 17:37:05,254 - INFO - Detected physical printer: HP-LaserJet-1020
2025-04-18 17:37:05,256 - INFO - Watching for PDFs in: /home/mobicloud/PDF_Prints
2025-04-18 17:37:05,256 - INFO - Virtual printer system is running. Press Ctrl+C to exit.
2025-04-18 17:38:10,745 - INFO - Moved PDF to: /home/mobicloud/PDF_Prints/2025/04/18/MX56543.pdf
2025-04-18 17:38:10,777 - INFO - Forwarded to printer: HP-LaserJet-1020
2025-04-18 17:38:11,295 - INFO - ✅ Uploaded to S3: 2025-04-18/2025-04-18_17-38-10_MX56543.pdf
2025-04-18 17:38:15,598 - INFO - ✅ Excel updated: /home/mobicloud/Excel_Files/invoices.xlsx
2025-04-18 17:38:15,976 - INFO - ✅ Excel uploaded to S3 as: excel_logs/2025-04-18/invoices.xlsx
2025-04-18 17:47:12,607 - INFO - Shutting down virtual printer system.
2025-04-24 16:42:55,103 - INFO - Printer zxcv has been set up
2025-04-24 16:42:55,716 - INFO - Detected physical printer: HP-LaserJet-1020
2025-04-24 16:42:55,721 - INFO - Watching for PDFs in: /home/mobicloud/PDF_Prints
2025-04-24 16:42:55,721 - INFO - Virtual printer system is running. Press Ctrl+C to exit.
2025-04-24 16:56:19,113 - INFO - Shutting down virtual printer system.
2025-04-24 16:56:24,975 - INFO - Printer zxcv has been set up
2025-04-24 16:56:24,977 - INFO - Detected physical printer: HP-LaserJet-1020
2025-04-24 16:56:24,978 - INFO - Watching for PDFs in: /home/mobicloud/PDF_Prints
2025-04-24 16:56:24,978 - INFO - Virtual printer system is running. Press Ctrl+C to exit.
2025-04-24 17:00:05,542 - INFO - Shutting down virtual printer system.
2025-04-24 17:00:11,163 - INFO - Printer zxcv has been set up
2025-04-24 17:00:11,164 - INFO - Detected physical printer: HP-LaserJet-1020
2025-04-24 17:00:11,166 - INFO - Watching for PDFs in: /home/mobicloud/PDF_Prints
2025-04-24 17:00:11,166 - INFO - Virtual printer system is running. Press Ctrl+C to exit.
2025-04-24 17:03:16,654 - INFO - Shutting down virtual printer system.
2025-04-24 17:07:20,264 - INFO - Printer zxcv has been set up
2025-04-24 17:07:20,265 - INFO - Detected physical printer: HP-LaserJet-1020
2025-04-24 17:07:20,267 - INFO - Watching for PDFs in: /home/mobicloud/PDF_Prints
2025-04-24 17:07:20,267 - INFO - Virtual printer system is running. Press Ctrl+C to exit.
2025-04-24 17:28:52,230 - INFO - Shutting down virtual printer system.
2025-04-24 17:29:10,071 - INFO - Printer zxcv has been set up
2025-04-24 17:29:10,072 - INFO - Detected physical printer: HP-LaserJet-1020
2025-04-24 17:29:10,074 - INFO - Watching for PDFs in: /home/mobicloud/PDF_Prints
2025-04-24 17:29:10,074 - INFO - Virtual printer system is running. Press Ctrl+C to exit.
2025-04-24 17:47:55,785 - INFO - Shutting down virtual printer system.
2025-04-28 10:07:09,818 - INFO - Printer zxcv has been set up
2025-04-28 10:07:09,819 - INFO - Detected physical printer: HP-LaserJet-1020
2025-04-28 10:07:09,821 - INFO - Watching for PDFs in: /home/mobicloud/PDF_Prints
2025-04-28 10:07:09,821 - INFO - Virtual printer system is running. Press Ctrl+C to exit.
2025-04-28 10:09:41,668 - INFO - Shutting down virtual printer system.
2025-04-28 10:09:47,044 - INFO - Printer zxcv has been set up
2025-04-28 10:09:47,045 - INFO - Detected physical printer: HP-LaserJet-1020
2025-04-28 10:09:47,057 - INFO - Watching for PDFs in: /home/mobicloud/PDF_Prints
2025-04-28 10:09:47,058 - INFO - Virtual printer system is running. Press Ctrl+C to exit.
2025-04-28 10:10:14,735 - INFO - Shutting down virtual printer system.
2025-04-28 10:44:15,038 - INFO - Printer zxcv has been set up
2025-04-28 10:44:15,045 - INFO - Detected physical printer: HP-LaserJet-1020
2025-04-28 10:44:15,047 - INFO - Watching for PDFs in: /home/mobicloud/PDF_Prints
2025-04-28 10:44:15,047 - INFO - Virtual printer system is running. Press Ctrl+C to exit.
2025-04-28 10:46:07,994 - INFO - Shutting down virtual printer system.
2025-04-28 10:46:14,586 - INFO - Printer zxcv has been set up
2025-04-28 10:46:14,586 - INFO - Detected physical printer: HP-LaserJet-1020-2
2025-04-28 10:46:14,588 - INFO - Watching for PDFs in: /home/mobicloud/PDF_Prints
2025-04-28 10:46:14,589 - INFO - Virtual printer system is running. Press Ctrl+C to exit.
2025-04-28 10:46:58,706 - INFO - Shutting down virtual printer system.
2025-04-28 14:39:43,084 - INFO - Printer zxcv has been set up
2025-04-28 14:39:43,086 - INFO - Detected physical printer: HP-LaserJet-1020
2025-04-28 14:39:43,088 - INFO - Watching for PDFs in: /home/mobicloud/PDF_Prints
2025-04-28 14:39:43,088 - INFO - Virtual printer system is running. Press Ctrl+C to exit.
2025-04-28 14:43:12,941 - INFO - Shutting down virtual printer system.
2025-04-28 14:43:18,064 - INFO - Printer zxcv has been set up
2025-04-28 14:43:18,065 - INFO - Detected physical printer: HP-LaserJet-1020
2025-04-28 14:43:18,072 - INFO - Watching for PDFs in: /home/mobicloud/PDF_Prints
2025-04-28 14:43:18,076 - INFO - Virtual printer system is running. Press Ctrl+C to exit.
2025-04-28 14:44:57,899 - INFO - Shutting down virtual printer system.
2025-04-28 14:45:06,450 - INFO - Printer zxcv has been set up
2025-04-28 14:45:06,451 - INFO - Detected physical printer: HP-LaserJet-1020
2025-04-28 14:45:06,453 - INFO - Watching for PDFs in: /home/mobicloud/PDF_Prints
2025-04-28 14:45:06,453 - INFO - Virtual printer system is running. Press Ctrl+C to exit.
2025-04-28 14:51:48,623 - INFO - Shutting down virtual printer system.
2025-04-28 14:51:54,097 - INFO - Printer zxcv has been set up
2025-04-28 14:51:54,098 - INFO - Detected physical printer: HP-LaserJet-1020
2025-04-28 14:51:54,099 - INFO - Watching for PDFs in: /home/mobicloud/PDF_Prints
2025-04-28 14:51:54,100 - INFO - Virtual printer system is running. Press Ctrl+C to exit.
2025-04-28 15:02:34,833 - INFO - Shutting down virtual printer system.
2025-04-28 15:05:25,356 - INFO - Printer zxcv has been set up
2025-04-28 15:05:25,356 - INFO - Detected physical printer: HP-LaserJet-1020-2
2025-04-28 15:05:25,357 - INFO - Watching for PDFs in: /home/mobicloud/PDF_Prints
2025-04-28 15:05:25,357 - INFO - Virtual printer system is running. Press Ctrl+C to exit.
2025-04-28 15:19:44,838 - INFO - Shutting down virtual printer system.
2025-04-28 15:19:50,885 - INFO - Printer zxcv has been set up
2025-04-28 15:19:50,886 - INFO - Detected physical printer: HP-LaserJet-1020
2025-04-28 15:19:50,888 - INFO - Watching for PDFs in: /home/mobicloud/PDF_Prints
2025-04-28 15:19:50,888 - INFO - Virtual printer system is running. Press Ctrl+C to exit.
2025-04-28 15:21:34,222 - INFO - Shutting down virtual printer system.
2025-04-28 15:25:31,617 - INFO - Printer zxcv has been set up
2025-04-28 15:25:31,618 - INFO - Detected physical printer: HP-LaserJet-1020
2025-04-28 15:25:31,620 - INFO - Watching for PDFs in: /home/mobicloud/PDF_Prints
2025-04-28 15:25:31,620 - INFO - Virtual printer system is running. Press Ctrl+C to exit.
2025-04-28 15:27:10,663 - INFO - Shutting down virtual printer system.
2025-04-28 15:27:15,375 - INFO - Printer zxcv has been set up
2025-04-28 15:27:15,375 - INFO - Detected physical printer: HP-LaserJet-1020-2
2025-04-28 15:27:15,377 - INFO - Watching for PDFs in: /home/mobicloud/PDF_Prints
2025-04-28 15:27:15,377 - INFO - Virtual printer system is running. Press Ctrl+C to exit.
2025-04-28 15:29:06,423 - INFO - Shutting down virtual printer system.
2025-04-28 15:37:30,604 - INFO - Printer zxcv has been set up
2025-04-28 15:37:30,605 - INFO - Detected physical printer: HP-LaserJet-1020
2025-04-28 15:37:30,607 - INFO - Watching for PDFs in: /home/mobicloud/PDF_Prints
2025-04-28 15:37:30,607 - INFO - Virtual printer system is running. Press Ctrl+C to exit.
2025-04-28 15:37:42,390 - INFO - Moved PDF to: /home/mobicloud/PDF_Prints/MOBICLOUD_vistaprint-job_450.pdf__342_200_224__MOBICLOUD_vistapr-job_507.pdf
2025-04-28 15:37:42,422 - INFO - Forwarded to printer: HP-LaserJet-1020
2025-04-28 15:37:42,916 - INFO - ✅ Uploaded to S3: 2025-04-28/2025-04-28_15-37-42_MOBICLOUD_vistaprint-job_450.pdf__342_200_224__MOBICLOUD_vistapr-job_507.pdf
2025-04-28 15:37:46,645 - INFO - ✅ Excel updated: /home/mobicloud/Excel_Files/invoices.xlsx
2025-04-28 15:37:46,894 - INFO - ✅ Excel uploaded to S3 as: excel_logs/2025-04-28/invoices.xlsx
2025-04-28 15:40:29,638 - INFO - Shutting down virtual printer system.
2025-04-28 15:42:36,472 - INFO - Printer zxcv has been set up
2025-04-28 15:42:36,473 - INFO - Detected physical printer: HP-LaserJet-1020
2025-04-28 15:42:36,475 - INFO - Watching for PDFs in: /home/mobicloud/PDF_Prints
2025-04-28 15:42:36,475 - INFO - Virtual printer system is running. Press Ctrl+C to exit.
2025-04-28 15:42:55,522 - INFO - Moved PDF to: /home/mobicloud/PDF_Prints/2025/04/28/mx50078-job_510.pdf
2025-04-28 15:42:55,551 - INFO - Forwarded to printer: HP-LaserJet-1020
2025-04-28 15:42:55,552 - ERROR - ❌ Error processing PDF: Offline
2025-04-28 15:45:20,607 - INFO - ✅ Uploaded to S3: 2025-04-28/2025-04-28_15-42-55_mx50078-job_510.pdf
2025-04-28 15:45:24,876 - INFO - ✅ Excel updated: /home/mobicloud/Excel_Files/invoices.xlsx
2025-04-28 15:45:25,140 - INFO - ✅ Excel uploaded to S3 as: excel_logs/2025-04-28/invoices.xlsx
2025-04-28 15:45:25,140 - INFO - save extracted data to excel
2025-04-28 15:49:32,694 - INFO - Shutting down virtual printer system.
